Using pre-set license
Built from '2021.1/staging' branch; Version is '2021.1.12f1 (afcadd793de6) revision 11520733'; Using compiler version '192528614'; Build Type 'Release'
OS: 'Windows 10 Home Single Language; OS build 19042.1052; Version 2009; 64bit' Language: 'pt' Physical Memory: 3973 MB
BatchMode: 1, IsHumanControllingUs: 0, StartBugReporterOnCrash: 0, Is64bit: 1, IsPro: 0

 COMMAND LINE ARGUMENTS:
C:\Program Files\Unity\Hub\Editor\2021.1.12f1\Editor\Unity.exe
-adb2
-batchMode
-noUpm
-name
AssetImportWorker3
-projectPath
C:/Users/Acer/Desktop/pixel vslorsnte/PixelValorant/PixelValorant
-logFile
Logs/AssetImportWorker3.log
-srvPort
58074
Successfully changed project path to: C:/Users/Acer/Desktop/pixel vslorsnte/PixelValorant/PixelValorant
C:/Users/Acer/Desktop/pixel vslorsnte/PixelValorant/PixelValorant
Using Asset Import Pipeline V2.
Refreshing native plugins compatible for Editor in 70.50 ms, found 3 plugins.
Preloading 0 native plugins for Editor in 0.00 ms.
Initialize engine version: 2021.1.12f1 (afcadd793de6)
[Subsystems] Discovering subsystems at path C:/Program Files/Unity/Hub/Editor/2021.1.12f1/Editor/Data/Resources/UnitySubsystems
[Subsystems] Discovering subsystems at path C:/Users/Acer/Desktop/pixel vslorsnte/PixelValorant/PixelValorant/Assets
GfxDevice: creating device client; threaded=0; jobified=0
Direct3D:
    Version:  Direct3D 11.0 [level 11.1]
    Renderer: Intel(R) UHD Graphics 620 (ID=0x5917)
    Vendor:   Intel
    VRAM:     1986 MB
    Driver:   25.20.100.6615
Initialize mono
Mono path[0] = 'C:/Program Files/Unity/Hub/Editor/2021.1.12f1/Editor/Data/Managed'
Mono path[1] = 'C:/Program Files/Unity/Hub/Editor/2021.1.12f1/Editor/Data/MonoBleedingEdge/lib/mono/unityjit'
Mono config path = 'C:/Program Files/Unity/Hub/Editor/2021.1.12f1/Editor/Data/MonoBleedingEdge/etc'
Using monoOptions --debugger-agent=transport=dt_socket,embedding=1,server=y,suspend=n,address=127.0.0.1:56888
Begin MonoManager ReloadAssembly
Registering precompiled unity dll's ...
Register platform support module: C:/Program Files/Unity/Hub/Editor/2021.1.12f1/Editor/Data/PlaybackEngines/WindowsStandaloneSupport/UnityEditor.WindowsStandalone.Extensions.dll
Registered in 0.002676 seconds.
Native extension for WindowsStandalone target not found
Refreshing native plugins compatible for Editor in 47.84 ms, found 3 plugins.
Preloading 0 native plugins for Editor in 0.00 ms.
Mono: successfully reloaded assembly
- Completed reload, in  1.586 seconds
Domain Reload Profiling:
	ReloadAssembly (1587ms)
		BeginReloadAssembly (125ms)
			ExecutionOrderSort (0ms)
			DisableScriptedObjects (0ms)
			BackupInstance (0ms)
			ReleaseScriptingObjects (0ms)
			CreateAndSetChildDomain (7ms)
		EndReloadAssembly (582ms)
			LoadAssemblies (104ms)
			RebuildTransferFunctionScriptingTraits (0ms)
			SetupTypeCache (258ms)
			ReleaseScriptCaches (0ms)
			RebuildScriptCaches (38ms)
			SetupLoadedEditorAssemblies (220ms)
				LogAssemblyErrors (0ms)
				InitializePlatformSupportModulesInManaged (8ms)
				SetLoadedEditorAssemblies (0ms)
				RefreshPlugins (48ms)
				BeforeProcessingInitializeOnLoad (2ms)
				ProcessInitializeOnLoadAttributes (124ms)
				ProcessInitializeOnLoadMethodAttributes (37ms)
				AfterProcessingInitializeOnLoad (0ms)
				EditorAssembliesLoaded (0ms)
			ExecutionOrderSort2 (0ms)
			AwakeInstancesAfterBackupRestoration (0ms)
Platform modules already initialized, skipping
Registering precompiled user dll's ...
Registered in 0.005173 seconds.
Begin MonoManager ReloadAssembly
Native extension for WindowsStandalone target not found
Refreshing native plugins compatible for Editor in 55.57 ms, found 3 plugins.
Preloading 0 native plugins for Editor in 0.00 ms.
Mono: successfully reloaded assembly
- Completed reload, in  2.874 seconds
Domain Reload Profiling:
	ReloadAssembly (2875ms)
		BeginReloadAssembly (231ms)
			ExecutionOrderSort (0ms)
			DisableScriptedObjects (6ms)
			BackupInstance (0ms)
			ReleaseScriptingObjects (0ms)
			CreateAndSetChildDomain (55ms)
		EndReloadAssembly (2557ms)
			LoadAssemblies (1283ms)
			RebuildTransferFunctionScriptingTraits (0ms)
			SetupTypeCache (464ms)
			ReleaseScriptCaches (0ms)
			RebuildScriptCaches (68ms)
			SetupLoadedEditorAssemblies (578ms)
				LogAssemblyErrors (0ms)
				InitializePlatformSupportModulesInManaged (5ms)
				SetLoadedEditorAssemblies (0ms)
				RefreshPlugins (56ms)
				BeforeProcessingInitializeOnLoad (85ms)
				ProcessInitializeOnLoadAttributes (401ms)
				ProcessInitializeOnLoadMethodAttributes (23ms)
				AfterProcessingInitializeOnLoad (8ms)
				EditorAssembliesLoaded (0ms)
			ExecutionOrderSort2 (0ms)
			AwakeInstancesAfterBackupRestoration (8ms)
Platform modules already initialized, skipping
========================================================================
Worker process is ready to serve import requests
Launched and connected shader compiler UnityShaderCompiler.exe after 0.38 seconds
Refreshing native plugins compatible for Editor in 0.61 ms, found 3 plugins.
Preloading 0 native plugins for Editor in 0.00 ms.
Unloading 2106 Unused Serialized files (Serialized files now loaded: 0)
System memory in use before: 95.0 MB.
System memory in use after: 95.1 MB.

Unloading 28 unused Assets to reduce memory usage. Loaded Objects now: 2559.
Total: 49.084600 ms (FindLiveObjects: 0.226400 ms CreateObjectMapping: 0.074800 ms MarkObjects: 48.693500 ms  DeleteObjects: 0.087600 ms)

AssetImportParameters requested are different than current active one (requested -> active):
  custom:framework-win-MediaFoundation: 216162199b28c13a410421893ffa2e32 -> 
  custom:video-decoder-ogg-theora: a1e56fd34408186e4bbccfd4996cb3dc -> 
  custom:container-muxer-webm: aa71ff27fc2769a1b78a27578f13a17b -> 
  custom:container-demuxer-webm: 4f35f7cbe854078d1ac9338744f61a02 -> 
  custom:container-demuxer-ogg: 62fdf1f143b41e24485cea50d1cbac27 -> 
  custom:video-encoder-webm-vp8: eb34c28f22e8b96e1ab97ce403110664 -> 
  custom:video-decoder-webm-vp8: 9c59270c3fd7afecdb556c50c9e8de78 -> 
  custom:audio-decoder-ogg-vorbis: bf7c407c2cedff20999df2af8eb42d56 -> 
  custom:audio-encoder-webm-vorbis: bf7c407c2cedff20999df2af8eb42d56 -> 
========================================================================
Received Import Request.
  path: Assets/cenario1_pronto.png
  artifactKey: Guid(9949a8a1b41d04a4fa74c0be39b339be) Importer(815301076,1909f56bfc062723c751e8b465ee728b)
Start importing Assets/cenario1_pronto.png using Guid(9949a8a1b41d04a4fa74c0be39b339be) Importer(815301076,1909f56bfc062723c751e8b465ee728b)  -> (artifact id: '78c24e727982f558a239374ac7e8d98b') in 1.348439 seconds 
========================================================================
Received Import Request.
  Time since last request: 4680.276674 seconds.
  path: Assets
  artifactKey: Guid(00000000000000001000000000000000) Importer(815301076,1909f56bfc062723c751e8b465ee728b)
Start importing Assets using Guid(00000000000000001000000000000000) Importer(815301076,1909f56bfc062723c751e8b465ee728b)  -> (artifact id: '42d402b061de3733987d63b9cc3b64de') in 0.403953 seconds 
========================================================================
Received Import Request.
  Time since last request: 273.974041 seconds.
  path: Assets/Scenes
  artifactKey: Guid(e6bee0820d81aff48a8174c8fcbfa5d9) Importer(815301076,1909f56bfc062723c751e8b465ee728b)
Start importing Assets/Scenes using Guid(e6bee0820d81aff48a8174c8fcbfa5d9) Importer(815301076,1909f56bfc062723c751e8b465ee728b)  -> (artifact id: 'd2b9213814f04e37d540997d91538233') in 0.130301 seconds 
========================================================================
Received Import Request.
  Time since last request: 0.516968 seconds.
  path: Assets/Scenes/cena1.unity
  artifactKey: Guid(58ae2a667ea0d9047a423d78e8cc0b95) Importer(815301076,1909f56bfc062723c751e8b465ee728b)
Start importing Assets/Scenes/cena1.unity using Guid(58ae2a667ea0d9047a423d78e8cc0b95) Importer(815301076,1909f56bfc062723c751e8b465ee728b)  -> (artifact id: '18741b87dd9a43df47ef19abc3c6bb56') in 2.267382 seconds 
========================================================================
Received Import Request.
  Time since last request: 36.163395 seconds.
  path: Assets/Scenes/SampleScene.unity
  artifactKey: Guid(2cda990e2423bbf4892e6590ba056729) Importer(815301076,1909f56bfc062723c751e8b465ee728b)
Start importing Assets/Scenes/SampleScene.unity using Guid(2cda990e2423bbf4892e6590ba056729) Importer(815301076,1909f56bfc062723c751e8b465ee728b)  -> (artifact id: 'aa27944bdea339c97c39027c7eea529c') in 0.055154 seconds 
========================================================================
Received Import Request.
  Time since last request: 577.947624 seconds.
  path: Assets/cena2.unity
  artifactKey: Guid(8b1486eaa0315f24b9c9d32771a5296a) Importer(815301076,1909f56bfc062723c751e8b465ee728b)
Start importing Assets/cena2.unity using Guid(8b1486eaa0315f24b9c9d32771a5296a) Importer(815301076,1909f56bfc062723c751e8b465ee728b)  -> (artifact id: '776786f073115f8a95dd58afb256edd4') in 0.070868 seconds 
========================================================================
Received Import Request.
  Time since last request: 8.769716 seconds.
  path: Assets/Scenes/cena1.unity
  artifactKey: Guid(58ae2a667ea0d9047a423d78e8cc0b95) Importer(815301076,1909f56bfc062723c751e8b465ee728b)
Start importing Assets/Scenes/cena1.unity using Guid(58ae2a667ea0d9047a423d78e8cc0b95) Importer(815301076,1909f56bfc062723c751e8b465ee728b)  -> (artifact id: '9f3593b0eecc66fe6b4300a8002ce85e') in 0.034303 seconds 
========================================================================
Received Import Request.
  Time since last request: 42.508305 seconds.
  path: Assets/cenario2_pronto.png
  artifactKey: Guid(cdd1fe4fe9cf0954db33b5e9770f9882) Importer(815301076,1909f56bfc062723c751e8b465ee728b)
Start importing Assets/cenario2_pronto.png using Guid(cdd1fe4fe9cf0954db33b5e9770f9882) Importer(815301076,1909f56bfc062723c751e8b465ee728b)  -> (artifact id: '788593e866f9c56e39d0bf7be36cf5e0') in 4.728320 seconds 
========================================================================
Received Import Request.
  Time since last request: 48.913327 seconds.
  path: Assets/Scenes/cena2.unity
  artifactKey: Guid(8b1486eaa0315f24b9c9d32771a5296a) Importer(815301076,1909f56bfc062723c751e8b465ee728b)
Start importing Assets/Scenes/cena2.unity using Guid(8b1486eaa0315f24b9c9d32771a5296a) Importer(815301076,1909f56bfc062723c751e8b465ee728b)  -> (artifact id: 'fd0b7288498221308e96dacc5dc4c28d') in 0.018477 seconds 
========================================================================
Received Import Request.
  Time since last request: 1109.249836 seconds.
  path: Assets/Scenes/cena2.unity
  artifactKey: Guid(8b1486eaa0315f24b9c9d32771a5296a) Importer(815301076,1909f56bfc062723c751e8b465ee728b)
Start importing Assets/Scenes/cena2.unity using Guid(8b1486eaa0315f24b9c9d32771a5296a) Importer(815301076,1909f56bfc062723c751e8b465ee728b)  -> (artifact id: 'd0a2d1b4ea332d076991b9c230b33679') in 0.022011 seconds 
